<?xml version="1.0" encoding="UTF-8"?>
<beans xmlns="http://www.springframework.org/schema/beans"
       xmlns:xsi="http://www.w3.org/2001/XMLSchema-instance"
       xmlns:tx="http://www.springframework.org/schema/tx" xmlns:jdbc="http://www.springframework.org/schema/jdbc"
       xsi:schemaLocation=
               "http://www.springframework.org/schema/beans
                http://www.springframework.org/schema/beans/spring-beans.xsd
                http://www.springframework.org/schema/tx
                http://www.springframework.org/schema/tx/spring-tx.xsd
                http://www.springframework.org/schema/jdbc
                http://www.springframework.org/schema/jdbc/spring-jdbc.xsd">

    <jdbc:embedded-database id="dataSource" type="HSQL"/>

    <!--<bean id="hsqldbServer" class="org.hsqldb.server.Server" init-method="start">-->
        <!--<property name="properties" ref="hsqldbServerProperties"/>-->
        <!--<property name="address" value="localhost"/>-->
    <!--</bean>-->
    <!--<bean id="hsqldbServerProperties" class="org.hsqldb.persist.HsqlProperties">-->
        <!--<constructor-arg>-->
            <!--<props>-->
                <!--<prop key="server.database.0">mem:portal</prop>-->
                <!--<prop key="server.dbname.0">database-server</prop>-->
            <!--</props>-->
        <!--</constructor-arg>-->
    <!--</bean>-->

    <!--<bean id="dataSource" class="org.hsqldb.jdbc.JDBCPool">-->
        <!--<property name="url" value="jdbc:hsqldb:hsql://localhost:9001/database-server" />-->
        <!--<property name="user" value="SA" />-->
        <!--<property name="password" value="" />-->
    <!--</bean>-->
    <!--<bean id="hibernateDialect" class="java.lang.String">-->
        <!--<constructor-arg value="org.hibernate.dialect.HSQLDialect" />-->
    <!--</bean>-->

    <bean id="sessionFactory" class="org.springframework.orm.hibernate3.annotation.AnnotationSessionFactoryBean">
        <property name="dataSource" ref="dataSource"/>
        <property name="packagesToScan">
            <array>
                <value>cz.cvut.fel.integracniportal.model</value>
            </array>
        </property>
        <property name="hibernateProperties">
            <props>
                <prop key="hibernate.dialect">${db.hibernate.data.dialect}</prop>
                <prop key="hibernate.hbm2ddl.auto">${db.hibernate.data.hbm2ddl.auto}</prop>
                <prop key="hibernate.show_sql">${db.hibernate.data.show_sql}</prop>
                <prop key="hibernate.jdbc.batch_size">25</prop>
                <prop key="hibernate.order_inserts">true</prop>
                <prop key="hibernate.order_updates">true</prop>
            </props>
        </property>
    </bean>

    <bean id="transactionManager" class="org.springframework.orm.hibernate3.HibernateTransactionManager">
        <property name="sessionFactory" ref="sessionFactory"/>
    </bean>

    <tx:annotation-driven transaction-manager="transactionManager"/>

</beans>